<?xml version="1.0" encoding="UTF-8"?>
<!-- Generated by org.testng.reporters.JUnitXMLReporter -->
<testsuite hostname="APERGHN1UG" ignored="0" name="Default test" tests="4" failures="0" timestamp="19 Feb 2021 14:19:28 GMT" time="24.896" errors="0">
  <testcase name="tc2" time="2.796" classname="org.practice3.Autorerun"/>
  <testcase name="tc2" time="2.038" classname="org.practice3.Autorerun"/>
  <testcase name="tc2" time="8.109" classname="org.practice3.Autorerun"/>
  <testcase name="tc2" time="7.401" classname="org.practice3.Autorerun"/>
</testsuite> <!-- Default test -->
