<?xml version="1.0" encoding="UTF-8"?>
<testng-results skipped="0" failed="0" ignored="0" total="4" passed="4">
  <reporter-output>
  </reporter-output>
  <suite name="Default suite" duration-ms="24896" started-at="2021-02-19T14:19:04Z" finished-at="2021-02-19T14:19:28Z">
    <groups>
    </groups>
    <test name="Default test" duration-ms="24896" started-at="2021-02-19T14:19:04Z" finished-at="2021-02-19T14:19:28Z">
      <class name="org.practice3.Autorerun">
        <test-method status="PASS" signature="launch()[pri:0, instance:org.practice3.Autorerun@ae45eb6]" name="launch" is-config="true" duration-ms="4461" started-at="2021-02-19T14:19:04Z" finished-at="2021-02-19T14:19:08Z">
          <reporter-output>
          </reporter-output>
        </test-method> <!-- launch -->
        <test-method status="PASS" signature="tc2(java.lang.String, java.lang.String)[pri:0, instance:org.practice3.Autorerun@ae45eb6]" name="tc2" duration-ms="2796" started-at="2021-02-19T14:19:08Z" data-provider="datachek" finished-at="2021-02-19T14:19:11Z">
          <params>
            <param index="0">
              <value>
                <![CDATA[jack]]>
              </value>
            </param>
            <param index="1">
              <value>
                <![CDATA[12345]]>
              </value>
            </param>
          </params>
          <reporter-output>
          </reporter-output>
        </test-method> <!-- tc2 -->
        <test-method status="PASS" signature="tc2(java.lang.String, java.lang.String)[pri:0, instance:org.practice3.Autorerun@ae45eb6]" name="tc2" duration-ms="2038" started-at="2021-02-19T14:19:11Z" data-provider="datachek" finished-at="2021-02-19T14:19:13Z">
          <params>
            <param index="0">
              <value>
                <![CDATA[viji]]>
              </value>
            </param>
            <param index="1">
              <value>
                <![CDATA[12345]]>
              </value>
            </param>
          </params>
          <reporter-output>
          </reporter-output>
        </test-method> <!-- tc2 -->
        <test-method status="PASS" signature="tc2(java.lang.String, java.lang.String)[pri:0, instance:org.practice3.Autorerun@ae45eb6]" name="tc2" duration-ms="8109" started-at="2021-02-19T14:19:13Z" data-provider="datachek" finished-at="2021-02-19T14:19:21Z">
          <params>
            <param index="0">
              <value>
                <![CDATA[thishi]]>
              </value>
            </param>
            <param index="1">
              <value>
                <![CDATA[123345]]>
              </value>
            </param>
          </params>
          <reporter-output>
          </reporter-output>
        </test-method> <!-- tc2 -->
        <test-method status="PASS" signature="tc2(java.lang.String, java.lang.String)[pri:0, instance:org.practice3.Autorerun@ae45eb6]" name="tc2" duration-ms="7401" started-at="2021-02-19T14:19:21Z" data-provider="datachek" finished-at="2021-02-19T14:19:28Z">
          <params>
            <param index="0">
              <value>
                <![CDATA[henik]]>
              </value>
            </param>
            <param index="1">
              <value>
                <![CDATA[12345]]>
              </value>
            </param>
          </params>
          <reporter-output>
          </reporter-output>
        </test-method> <!-- tc2 -->
      </class> <!-- org.practice3.Autorerun -->
    </test> <!-- Default test -->
  </suite> <!-- Default suite -->
</testng-results>
